<!DOCTYPE html PUBLIC "-//W3C//DTD XHTML 1.1//EN" "http://www.w3.org/TR/xhtml11/DTD/xhtml11.dtd">
<html xmlns="http://www.w3.org/1999/xhtml">
<head>
<meta http-equiv="content-type" content="text/html; charset=UTF-8"/>
<title>TestNG Report</title>
<style type="text/css">table {margin-bottom:10px;border-collapse:collapse;empty-cells:show}th,td {border:1px solid #009;padding:.25em .5em}th {vertical-align:bottom}td {vertical-align:top}table a {font-weight:bold}.stripe td {background-color: #E6EBF9}.num {text-align:right}.passedodd td {background-color: #3F3}.passedeven td {background-color: #0A0}.skippedodd td {background-color: #DDD}.skippedeven td {background-color: #CCC}.failedodd td,.attn {background-color: #F33}.failedeven td,.stripe .attn {background-color: #D00}.stacktrace {white-space:pre;font-family:monospace}.totop {font-size:85%;text-align:center;border-bottom:2px solid #000}.invisible {display:none}</style>
</head>
<body>
<table>
<tr><th>Test</th><th># Passed</th><th># Skipped</th><th># Failed</th><th>Time (ms)</th><th>Included Groups</th><th>Excluded Groups</th></tr>
<tr><th colspan="7">BDD Test Suite</th></tr>
<tr><td><a href="#t0">Create New Ticket</a></td><td class="num">1</td><td class="num">0</td><td class="num">0</td><td class="num">79,942</td><td></td><td></td></tr>
<tr class="stripe"><td><a href="#t1">Update Contact Information</a></td><td class="num">1</td><td class="num">0</td><td class="num">0</td><td class="num">89,744</td><td></td><td></td></tr>
<tr><td><a href="#t2">Triage the Service Request</a></td><td class="num">1</td><td class="num">0</td><td class="num">0</td><td class="num">92,993</td><td></td><td></td></tr>
<tr class="stripe"><td><a href="#t3">Update the Service Request to Fix</a></td><td class="num">1</td><td class="num">0</td><td class="num">0</td><td class="num">89,645</td><td></td><td></td></tr>
<tr><td><a href="#t4">Close the Resolved Service Request</a></td><td class="num">0</td><td class="num">0</td><td class="num attn">1</td><td class="num">88,751</td><td></td><td></td></tr>
<tr><th>Total</th><th class="num">4</th><th class="num">0</th><th class="num attn">1</th><th class="num">441,075</th><th colspan="2"></th></tr>
</table>
<table id='summary'><thead><tr><th>Class</th><th>Method</th><th>Start</th><th>Time (ms)</th></tr></thead><tbody><tr><th colspan="4">BDD Test Suite</th></tr></tbody><tbody id="t0"><tr><th colspan="4">Create New Ticket &#8212; passed</th></tr><tr class="passedeven"><td rowspan="1">Runners.CreateNew</td><td><a href="#m0">feature</a></td><td rowspan="1">1556211848276</td><td rowspan="1">79464</td></tr></tbody>
<tbody id="t1"><tr><th colspan="4">Update Contact Information &#8212; passed</th></tr><tr class="passedeven"><td rowspan="1">Runners.CustomerInfo</td><td><a href="#m1">feature</a></td><td rowspan="1">1556211848276</td><td rowspan="1">89372</td></tr></tbody>
<tbody id="t2"><tr><th colspan="4">Triage the Service Request &#8212; passed</th></tr><tr class="passedeven"><td rowspan="1">Runners.Triage</td><td><a href="#m2">feature</a></td><td rowspan="1">1556211927979</td><td rowspan="1">92898</td></tr></tbody>
<tbody id="t3"><tr><th colspan="4">Update the Service Request to Fix &#8212; passed</th></tr><tr class="passedeven"><td rowspan="1">Runners.Fix</td><td><a href="#m3">feature</a></td><td rowspan="1">1556211937801</td><td rowspan="1">89559</td></tr></tbody>
<tbody id="t4"><tr><th colspan="4">Close the Resolved Service Request &#8212; failed</th></tr><tr class="failedeven"><td rowspan="1">Runners.CustomerSatisfaction</td><td><a href="#m4">feature</a></td><td rowspan="1">1556212020997</td><td rowspan="1">88672</td></tr></tbody>
</table>
<h2>Create New Ticket</h2><h3 id="m0">Runners.CreateNew#feature</h3><table class="result"><tr class="param"><th>Parameter #1</th></tr><tr class="param stripe"><td>User is able to Create New Service Request</td></tr></table><p class="totop"><a href="#summary">back to summary</a></p>
<h2>Update Contact Information</h2><h3 id="m1">Runners.CustomerInfo#feature</h3><table class="result"><tr class="param"><th>Parameter #1</th></tr><tr class="param stripe"><td>User is able to update the Customer Details in a Ticket for which Open Assignment is Collect Customer Infomration</td></tr></table><p class="totop"><a href="#summary">back to summary</a></p>
<h2>Triage the Service Request</h2><h3 id="m2">Runners.Triage#feature</h3><table class="result"><tr class="param"><th>Parameter #1</th></tr><tr class="param stripe"><td>User is able to Triage a ticket</td></tr></table><p class="totop"><a href="#summary">back to summary</a></p>
<h2>Update the Service Request to Fix</h2><h3 id="m3">Runners.Fix#feature</h3><table class="result"><tr class="param"><th>Parameter #1</th></tr><tr class="param stripe"><td>User is able to update the Ticket with the Fix Description</td></tr></table><p class="totop"><a href="#summary">back to summary</a></p>
<h2>Close the Resolved Service Request</h2><h3 id="m4">Runners.CustomerSatisfaction#feature</h3><table class="result"><tr class="param"><th>Parameter #1</th></tr><tr class="param stripe"><td>User is able to update Customer Satisfaction form</td></tr><tr><th>Exception</th></tr><tr><td><div class="stacktrace">cucumber.runtime.CucumberException: org.openqa.selenium.NoSuchElementException: no such element: Unable to locate element: {&quot;method&quot;:&quot;xpath&quot;,&quot;selector&quot;:&quot;//h2[text()=&apos;Open assignments&apos;]/parent::*/parent::*/following-sibling::*/div//a[1]&quot;}
  (Session info: chrome=73.0.3683.103)
  (Driver info: chromedriver=73.0.3683.68 (47787ec04b6e38e22703e856e101e840b65afe72),platform=Windows NT 10.0.17134 x86_64) (WARNING: The server did not provide any stacktrace information)
Command duration or timeout: 0 milliseconds
For documentation on this error, please visit: https://www.seleniumhq.org/exceptions/no_such_element.html
Build info: version: &apos;3.141.59&apos;, revision: &apos;e82be7d358&apos;, time: &apos;2018-11-14T08:17:03&apos;
System info: host: &apos;360NDCPC104&apos;, ip: &apos;10.148.0.73&apos;, os.name: &apos;Windows 10&apos;, os.arch: &apos;amd64&apos;, os.version: &apos;10.0&apos;, java.version: &apos;1.8.0_191&apos;
Driver info: org.openqa.selenium.chrome.ChromeDriver
Capabilities {acceptInsecureCerts: false, acceptSslCerts: false, applicationCacheEnabled: false, browserConnectionEnabled: false, browserName: chrome, chrome: {chromedriverVersion: 73.0.3683.68 (47787ec04b6e3..., userDataDir: C:\Users\akashs\AppData\Loc...}, cssSelectorsEnabled: true, databaseEnabled: false, goog:chromeOptions: {debuggerAddress: localhost:50727}, handlesAlerts: true, hasTouchScreen: false, javascriptEnabled: true, locationContextEnabled: true, mobileEmulationEnabled: false, nativeEvents: true, networkConnectionEnabled: false, pageLoadStrategy: normal, platform: XP, platformName: XP, proxy: Proxy(), rotatable: false, setWindowRect: true, strictFileInteractability: false, takesHeapSnapshot: true, takesScreenshot: true, timeouts: {implicit: 0, pageLoad: 300000, script: 30000}, unexpectedAlertBehaviour: ignore, unhandledPromptBehavior: ignore, version: 73.0.3683.103, webStorageEnabled: true}
Session ID: 070b8041dc079ff4fba66327adfd27d0
*** Element info: {Using=xpath, value=//h2[text()=&apos;Open assignments&apos;]/parent::*/parent::*/following-sibling::*/div//a[1]}
	at cucumber.api.testng.TestNGCucumberRunner.runCucumber(TestNGCucumberRunner.java:69)
	at cucumber.api.testng.AbstractTestNGCucumberTests.feature(AbstractTestNGCucumberTests.java:21)
	at java.util.concurrent.FutureTask.run(Unknown Source)
	at java.util.concurrent.ThreadPoolExecutor.runWorker(Unknown Source)
	at java.util.concurrent.ThreadPoolExecutor$Worker.run(Unknown Source)
	at java.lang.Thread.run(Unknown Source)
Caused by: org.openqa.selenium.NoSuchElementException: no such element: Unable to locate element: {&quot;method&quot;:&quot;xpath&quot;,&quot;selector&quot;:&quot;//h2[text()=&apos;Open assignments&apos;]/parent::*/parent::*/following-sibling::*/div//a[1]&quot;}
  (Session info: chrome=73.0.3683.103)
  (Driver info: chromedriver=73.0.3683.68 (47787ec04b6e38e22703e856e101e840b65afe72),platform=Windows NT 10.0.17134 x86_64) (WARNING: The server did not provide any stacktrace information)
Command duration or timeout: 0 milliseconds
For documentation on this error, please visit: https://www.seleniumhq.org/exceptions/no_such_element.html
Build info: version: &apos;3.141.59&apos;, revision: &apos;e82be7d358&apos;, time: &apos;2018-11-14T08:17:03&apos;
System info: host: &apos;360NDCPC104&apos;, ip: &apos;10.148.0.73&apos;, os.name: &apos;Windows 10&apos;, os.arch: &apos;amd64&apos;, os.version: &apos;10.0&apos;, java.version: &apos;1.8.0_191&apos;
Driver info: org.openqa.selenium.chrome.ChromeDriver
Capabilities {acceptInsecureCerts: false, acceptSslCerts: false, applicationCacheEnabled: false, browserConnectionEnabled: false, browserName: chrome, chrome: {chromedriverVersion: 73.0.3683.68 (47787ec04b6e3..., userDataDir: C:\Users\akashs\AppData\Loc...}, cssSelectorsEnabled: true, databaseEnabled: false, goog:chromeOptions: {debuggerAddress: localhost:50727}, handlesAlerts: true, hasTouchScreen: false, javascriptEnabled: true, locationContextEnabled: true, mobileEmulationEnabled: false, nativeEvents: true, networkConnectionEnabled: false, pageLoadStrategy: normal, platform: XP, platformName: XP, proxy: Proxy(), rotatable: false, setWindowRect: true, strictFileInteractability: false, takesHeapSnapshot: true, takesScreenshot: true, timeouts: {implicit: 0, pageLoad: 300000, script: 30000}, unexpectedAlertBehaviour: ignore, unhandledPromptBehavior: ignore, version: 73.0.3683.103, webStorageEnabled: true}
Session ID: 070b8041dc079ff4fba66327adfd27d0
*** Element info: {Using=xpath, value=//h2[text()=&apos;Open assignments&apos;]/parent::*/parent::*/following-sibling::*/div//a[1]}
	at org.openqa.selenium.remote.ErrorHandler.createThrowable(ErrorHandler.java:214)
	at org.openqa.selenium.remote.ErrorHandler.throwIfResponseFailed(ErrorHandler.java:166)
	at org.openqa.selenium.remote.http.JsonHttpResponseCodec.reconstructValue(JsonHttpResponseCodec.java:40)
	at org.openqa.selenium.remote.http.AbstractHttpResponseCodec.decode(AbstractHttpResponseCodec.java:80)
	at org.openqa.selenium.remote.http.AbstractHttpResponseCodec.decode(AbstractHttpResponseCodec.java:44)
	at org.openqa.selenium.remote.HttpCommandExecutor.execute(HttpCommandExecutor.java:158)
	at org.openqa.selenium.remote.service.DriverCommandExecutor.execute(DriverCommandExecutor.java:83)
	at org.openqa.selenium.remote.RemoteWebDriver.execute(RemoteWebDriver.java:552)
	at org.openqa.selenium.remote.RemoteWebDriver.findElement(RemoteWebDriver.java:323)
	at org.openqa.selenium.remote.RemoteWebDriver.findElementByXPath(RemoteWebDriver.java:428)
	at org.openqa.selenium.By$ByXPath.findElement(By.java:353)
	at org.openqa.selenium.remote.RemoteWebDriver.findElement(RemoteWebDriver.java:315)
	at org.openqa.selenium.support.pagefactory.DefaultElementLocator.findElement(DefaultElementLocator.java:69)
	at org.openqa.selenium.support.pagefactory.internal.LocatingElementHandler.invoke(LocatingElementHandler.java:38)
	at com.sun.proxy.$Proxy20.getText(Unknown Source)
	at StepsDefinationsHelper.CustomerSatisfactionPage_Helper.VerifyNextstage(CustomerSatisfactionPage_Helper.java:80)
	at StepsDefinations.CustomerSatisfaction_Page_Step_defination.thank_you_message_will_get_displayed(CustomerSatisfaction_Page_Step_defination.java:95)
	at âœ½.Then Thank you message will get displayed(src/FeatureFiles/CustomerSatisfaction.feature:19)
... Removed 20 stack frames</div></td></tr></table><p class="totop"><a href="#summary">back to summary</a></p>
</body>
</html>
