<?xml version="1.0" encoding="UTF-8"?>
<testng-results skipped="0" failed="1" ignored="0" total="5" passed="4">
  <reporter-output>
  </reporter-output>
  <suite name="BDD Test Suite" duration-ms="261709" started-at="2019-04-25T17:04:08Z" finished-at="2019-04-25T17:08:29Z">
    <groups>
      <group name="cucumber">
        <method signature="AbstractTestNGCucumberTests.feature(cucumber.api.testng.CucumberFeatureWrapper)[pri:0, instance:Runners.CreateNew@55d56113]" name="feature" class="cucumber.api.testng.AbstractTestNGCucumberTests"/>
        <method signature="AbstractTestNGCucumberTests.feature(cucumber.api.testng.CucumberFeatureWrapper)[pri:0, instance:Runners.CustomerInfo@18eed359]" name="feature" class="cucumber.api.testng.AbstractTestNGCucumberTests"/>
        <method signature="AbstractTestNGCucumberTests.feature(cucumber.api.testng.CucumberFeatureWrapper)[pri:0, instance:Runners.Triage@2b2948e2]" name="feature" class="cucumber.api.testng.AbstractTestNGCucumberTests"/>
        <method signature="AbstractTestNGCucumberTests.feature(cucumber.api.testng.CucumberFeatureWrapper)[pri:0, instance:Runners.Fix@7d907bac]" name="feature" class="cucumber.api.testng.AbstractTestNGCucumberTests"/>
        <method signature="AbstractTestNGCucumberTests.feature(cucumber.api.testng.CucumberFeatureWrapper)[pri:0, instance:Runners.CustomerSatisfaction@61f8bee4]" name="feature" class="cucumber.api.testng.AbstractTestNGCucumberTests"/>
      </group> <!-- cucumber -->
    </groups>
    <test name="Create New Ticket" duration-ms="79942" started-at="2019-04-25T17:04:08Z" finished-at="2019-04-25T17:05:27Z">
      <class name="Runners.CreateNew">
        <test-method status="PASS" signature="setUpClass()[pri:0, instance:Runners.CreateNew@55d56113]" name="setUpClass" is-config="true" duration-ms="208" started-at="2019-04-25T17:04:08Z" finished-at="2019-04-25T17:04:08Z">
          <reporter-output>
          </reporter-output>
        </test-method> <!-- setUpClass -->
        <test-method status="PASS" signature="feature(cucumber.api.testng.CucumberFeatureWrapper)[pri:0, instance:Runners.CreateNew@55d56113]" name="feature" duration-ms="79464" started-at="2019-04-25T17:04:08Z" description="Runs Cucumber Feature" data-provider="features" finished-at="2019-04-25T17:05:27Z">
          <params>
            <param index="0">
              <value>
                <![CDATA[User is able to Create New Service Request]]>
              </value>
            </param>
          </params>
          <reporter-output>
          </reporter-output>
        </test-method> <!-- feature -->
        <test-method status="PASS" signature="writeExtentReport()[pri:0, instance:Runners.CreateNew@55d56113]" name="writeExtentReport" is-config="true" duration-ms="12" started-at="2019-04-25T17:05:27Z" finished-at="2019-04-25T17:05:27Z">
          <reporter-output>
          </reporter-output>
        </test-method> <!-- writeExtentReport -->
        <test-method status="PASS" signature="tearDownClass()[pri:0, instance:Runners.CreateNew@55d56113]" name="tearDownClass" is-config="true" duration-ms="193" started-at="2019-04-25T17:05:27Z" finished-at="2019-04-25T17:05:27Z">
          <reporter-output>
          </reporter-output>
        </test-method> <!-- tearDownClass -->
      </class> <!-- Runners.CreateNew -->
    </test> <!-- Create New Ticket -->
    <test name="Update Contact Information" duration-ms="89744" started-at="2019-04-25T17:04:08Z" finished-at="2019-04-25T17:05:37Z">
      <class name="Runners.CustomerInfo">
        <test-method status="PASS" signature="setUpClass()[pri:0, instance:Runners.CustomerInfo@18eed359]" name="setUpClass" is-config="true" duration-ms="208" started-at="2019-04-25T17:04:08Z" finished-at="2019-04-25T17:04:08Z">
          <reporter-output>
          </reporter-output>
        </test-method> <!-- setUpClass -->
        <test-method status="PASS" signature="feature(cucumber.api.testng.CucumberFeatureWrapper)[pri:0, instance:Runners.CustomerInfo@18eed359]" name="feature" duration-ms="89372" started-at="2019-04-25T17:04:08Z" description="Runs Cucumber Feature" data-provider="features" finished-at="2019-04-25T17:05:37Z">
          <params>
            <param index="0">
              <value>
                <![CDATA[User is able to update the Customer Details in a Ticket for which Open Assignment is Collect Customer Infomration]]>
              </value>
            </param>
          </params>
          <reporter-output>
          </reporter-output>
        </test-method> <!-- feature -->
        <test-method status="PASS" signature="writeExtentReport()[pri:0, instance:Runners.CustomerInfo@18eed359]" name="writeExtentReport" is-config="true" duration-ms="3" started-at="2019-04-25T17:05:37Z" finished-at="2019-04-25T17:05:37Z">
          <reporter-output>
          </reporter-output>
        </test-method> <!-- writeExtentReport -->
        <test-method status="PASS" signature="tearDownClass()[pri:0, instance:Runners.CustomerInfo@18eed359]" name="tearDownClass" is-config="true" duration-ms="96" started-at="2019-04-25T17:05:37Z" finished-at="2019-04-25T17:05:37Z">
          <reporter-output>
          </reporter-output>
        </test-method> <!-- tearDownClass -->
      </class> <!-- Runners.CustomerInfo -->
    </test> <!-- Update Contact Information -->
    <test name="Triage the Service Request" duration-ms="92993" started-at="2019-04-25T17:05:27Z" finished-at="2019-04-25T17:07:00Z">
      <class name="Runners.Triage">
        <test-method status="PASS" signature="setUpClass()[pri:0, instance:Runners.Triage@2b2948e2]" name="setUpClass" is-config="true" duration-ms="16" started-at="2019-04-25T17:05:27Z" finished-at="2019-04-25T17:05:27Z">
          <reporter-output>
          </reporter-output>
        </test-method> <!-- setUpClass -->
        <test-method status="PASS" signature="feature(cucumber.api.testng.CucumberFeatureWrapper)[pri:0, instance:Runners.Triage@2b2948e2]" name="feature" duration-ms="92898" started-at="2019-04-25T17:05:27Z" description="Runs Cucumber Feature" data-provider="features" finished-at="2019-04-25T17:07:00Z">
          <params>
            <param index="0">
              <value>
                <![CDATA[User is able to Triage a ticket]]>
              </value>
            </param>
          </params>
          <reporter-output>
          </reporter-output>
        </test-method> <!-- feature -->
        <test-method status="PASS" signature="writeExtentReport()[pri:0, instance:Runners.Triage@2b2948e2]" name="writeExtentReport" is-config="true" duration-ms="4" started-at="2019-04-25T17:07:00Z" finished-at="2019-04-25T17:07:00Z">
          <reporter-output>
          </reporter-output>
        </test-method> <!-- writeExtentReport -->
        <test-method status="PASS" signature="tearDownClass()[pri:0, instance:Runners.Triage@2b2948e2]" name="tearDownClass" is-config="true" duration-ms="68" started-at="2019-04-25T17:07:00Z" finished-at="2019-04-25T17:07:00Z">
          <reporter-output>
          </reporter-output>
        </test-method> <!-- tearDownClass -->
      </class> <!-- Runners.Triage -->
    </test> <!-- Triage the Service Request -->
    <test name="Update the Service Request to Fix" duration-ms="89645" started-at="2019-04-25T17:05:37Z" finished-at="2019-04-25T17:07:07Z">
      <class name="Runners.Fix">
        <test-method status="PASS" signature="setUpClass()[pri:0, instance:Runners.Fix@7d907bac]" name="setUpClass" is-config="true" duration-ms="40" started-at="2019-04-25T17:05:37Z" finished-at="2019-04-25T17:05:37Z">
          <reporter-output>
          </reporter-output>
        </test-method> <!-- setUpClass -->
        <test-method status="PASS" signature="feature(cucumber.api.testng.CucumberFeatureWrapper)[pri:0, instance:Runners.Fix@7d907bac]" name="feature" duration-ms="89559" started-at="2019-04-25T17:05:37Z" description="Runs Cucumber Feature" data-provider="features" finished-at="2019-04-25T17:07:07Z">
          <params>
            <param index="0">
              <value>
                <![CDATA[User is able to update the Ticket with the Fix Description]]>
              </value>
            </param>
          </params>
          <reporter-output>
          </reporter-output>
        </test-method> <!-- feature -->
        <test-method status="PASS" signature="writeExtentReport()[pri:0, instance:Runners.Fix@7d907bac]" name="writeExtentReport" is-config="true" duration-ms="3" started-at="2019-04-25T17:07:07Z" finished-at="2019-04-25T17:07:07Z">
          <reporter-output>
          </reporter-output>
        </test-method> <!-- writeExtentReport -->
        <test-method status="PASS" signature="tearDownClass()[pri:0, instance:Runners.Fix@7d907bac]" name="tearDownClass" is-config="true" duration-ms="39" started-at="2019-04-25T17:07:07Z" finished-at="2019-04-25T17:07:07Z">
          <reporter-output>
          </reporter-output>
        </test-method> <!-- tearDownClass -->
      </class> <!-- Runners.Fix -->
    </test> <!-- Update the Service Request to Fix -->
    <test name="Close the Resolved Service Request" duration-ms="88751" started-at="2019-04-25T17:07:00Z" finished-at="2019-04-25T17:08:29Z">
      <class name="Runners.CustomerSatisfaction">
        <test-method status="PASS" signature="setUpClass()[pri:0, instance:Runners.CustomerSatisfaction@61f8bee4]" name="setUpClass" is-config="true" duration-ms="28" started-at="2019-04-25T17:07:00Z" finished-at="2019-04-25T17:07:00Z">
          <reporter-output>
          </reporter-output>
        </test-method> <!-- setUpClass -->
        <test-method status="FAIL" signature="feature(cucumber.api.testng.CucumberFeatureWrapper)[pri:0, instance:Runners.CustomerSatisfaction@61f8bee4]" name="feature" duration-ms="88672" started-at="2019-04-25T17:07:00Z" description="Runs Cucumber Feature" data-provider="features" finished-at="2019-04-25T17:08:29Z">
          <params>
            <param index="0">
              <value>
                <![CDATA[User is able to update Customer Satisfaction form]]>
              </value>
            </param>
          </params>
          <exception class="cucumber.runtime.CucumberException">
            <message>
              <![CDATA[org.openqa.selenium.NoSuchElementException: no such element: Unable to locate element: {"method":"xpath","selector":"//h2[text()='Open assignments']/parent::*/parent::*/following-sibling::*/div//a[1]"}
  (Session info: chrome=73.0.3683.103)
  (Driver info: chromedriver=73.0.3683.68 (47787ec04b6e38e22703e856e101e840b65afe72),platform=Windows NT 10.0.17134 x86_64) (WARNING: The server did not provide any stacktrace information)
Command duration or timeout: 0 milliseconds
For documentation on this error, please visit: https://www.seleniumhq.org/exceptions/no_such_element.html
Build info: version: '3.141.59', revision: 'e82be7d358', time: '2018-11-14T08:17:03'
System info: host: '360NDCPC104', ip: '10.148.0.73', os.name: 'Windows 10', os.arch: 'amd64', os.version: '10.0', java.version: '1.8.0_191'
Driver info: org.openqa.selenium.chrome.ChromeDriver
Capabilities {acceptInsecureCerts: false, acceptSslCerts: false, applicationCacheEnabled: false, browserConnectionEnabled: false, browserName: chrome, chrome: {chromedriverVersion: 73.0.3683.68 (47787ec04b6e3..., userDataDir: C:\Users\akashs\AppData\Loc...}, cssSelectorsEnabled: true, databaseEnabled: false, goog:chromeOptions: {debuggerAddress: localhost:50727}, handlesAlerts: true, hasTouchScreen: false, javascriptEnabled: true, locationContextEnabled: true, mobileEmulationEnabled: false, nativeEvents: true, networkConnectionEnabled: false, pageLoadStrategy: normal, platform: XP, platformName: XP, proxy: Proxy(), rotatable: false, setWindowRect: true, strictFileInteractability: false, takesHeapSnapshot: true, takesScreenshot: true, timeouts: {implicit: 0, pageLoad: 300000, script: 30000}, unexpectedAlertBehaviour: ignore, unhandledPromptBehavior: ignore, version: 73.0.3683.103, webStorageEnabled: true}
Session ID: 070b8041dc079ff4fba66327adfd27d0
*** Element info: {Using=xpath, value=//h2[text()='Open assignments']/parent::*/parent::*/following-sibling::*/div//a[1]}]]>
            </message>
            <full-stacktrace>
              <![CDATA[cucumber.runtime.CucumberException: org.openqa.selenium.NoSuchElementException: no such element: Unable to locate element: {"method":"xpath","selector":"//h2[text()='Open assignments']/parent::*/parent::*/following-sibling::*/div//a[1]"}
  (Session info: chrome=73.0.3683.103)
  (Driver info: chromedriver=73.0.3683.68 (47787ec04b6e38e22703e856e101e840b65afe72),platform=Windows NT 10.0.17134 x86_64) (WARNING: The server did not provide any stacktrace information)
Command duration or timeout: 0 milliseconds
For documentation on this error, please visit: https://www.seleniumhq.org/exceptions/no_such_element.html
Build info: version: '3.141.59', revision: 'e82be7d358', time: '2018-11-14T08:17:03'
System info: host: '360NDCPC104', ip: '10.148.0.73', os.name: 'Windows 10', os.arch: 'amd64', os.version: '10.0', java.version: '1.8.0_191'
Driver info: org.openqa.selenium.chrome.ChromeDriver
Capabilities {acceptInsecureCerts: false, acceptSslCerts: false, applicationCacheEnabled: false, browserConnectionEnabled: false, browserName: chrome, chrome: {chromedriverVersion: 73.0.3683.68 (47787ec04b6e3..., userDataDir: C:\Users\akashs\AppData\Loc...}, cssSelectorsEnabled: true, databaseEnabled: false, goog:chromeOptions: {debuggerAddress: localhost:50727}, handlesAlerts: true, hasTouchScreen: false, javascriptEnabled: true, locationContextEnabled: true, mobileEmulationEnabled: false, nativeEvents: true, networkConnectionEnabled: false, pageLoadStrategy: normal, platform: XP, platformName: XP, proxy: Proxy(), rotatable: false, setWindowRect: true, strictFileInteractability: false, takesHeapSnapshot: true, takesScreenshot: true, timeouts: {implicit: 0, pageLoad: 300000, script: 30000}, unexpectedAlertBehaviour: ignore, unhandledPromptBehavior: ignore, version: 73.0.3683.103, webStorageEnabled: true}
Session ID: 070b8041dc079ff4fba66327adfd27d0
*** Element info: {Using=xpath, value=//h2[text()='Open assignments']/parent::*/parent::*/following-sibling::*/div//a[1]}
at cucumber.api.testng.TestNGCucumberRunner.runCucumber(TestNGCucumberRunner.java:69)
at cucumber.api.testng.AbstractTestNGCucumberTests.feature(AbstractTestNGCucumberTests.java:21)
at sun.reflect.NativeMethodAccessorImpl.invoke0(Native Method)
at sun.reflect.NativeMethodAccessorImpl.invoke(Unknown Source)
at sun.reflect.DelegatingMethodAccessorImpl.invoke(Unknown Source)
at java.lang.reflect.Method.invoke(Unknown Source)
at org.testng.internal.MethodInvocationHelper.invokeMethod(MethodInvocationHelper.java:124)
at org.testng.internal.Invoker.invokeMethod(Invoker.java:580)
at org.testng.internal.Invoker.invokeTestMethod(Invoker.java:716)
at org.testng.internal.Invoker.invokeTestMethods(Invoker.java:988)
at org.testng.internal.TestMethodWorker.invokeTestMethods(TestMethodWorker.java:125)
at org.testng.internal.TestMethodWorker.run(TestMethodWorker.java:109)
at org.testng.TestRunner.privateRun(TestRunner.java:648)
at org.testng.TestRunner.run(TestRunner.java:505)
at org.testng.SuiteRunner.runTest(SuiteRunner.java:455)
at org.testng.SuiteRunner.access$000(SuiteRunner.java:40)
at org.testng.SuiteRunner$SuiteWorker.run(SuiteRunner.java:489)
at org.testng.internal.thread.ThreadUtil$1.call(ThreadUtil.java:52)
at java.util.concurrent.FutureTask.run(Unknown Source)
at java.util.concurrent.ThreadPoolExecutor.runWorker(Unknown Source)
at java.util.concurrent.ThreadPoolExecutor$Worker.run(Unknown Source)
at java.lang.Thread.run(Unknown Source)
Caused by: org.openqa.selenium.NoSuchElementException: no such element: Unable to locate element: {"method":"xpath","selector":"//h2[text()='Open assignments']/parent::*/parent::*/following-sibling::*/div//a[1]"}
  (Session info: chrome=73.0.3683.103)
  (Driver info: chromedriver=73.0.3683.68 (47787ec04b6e38e22703e856e101e840b65afe72),platform=Windows NT 10.0.17134 x86_64) (WARNING: The server did not provide any stacktrace information)
Command duration or timeout: 0 milliseconds
For documentation on this error, please visit: https://www.seleniumhq.org/exceptions/no_such_element.html
Build info: version: '3.141.59', revision: 'e82be7d358', time: '2018-11-14T08:17:03'
System info: host: '360NDCPC104', ip: '10.148.0.73', os.name: 'Windows 10', os.arch: 'amd64', os.version: '10.0', java.version: '1.8.0_191'
Driver info: org.openqa.selenium.chrome.ChromeDriver
Capabilities {acceptInsecureCerts: false, acceptSslCerts: false, applicationCacheEnabled: false, browserConnectionEnabled: false, browserName: chrome, chrome: {chromedriverVersion: 73.0.3683.68 (47787ec04b6e3..., userDataDir: C:\Users\akashs\AppData\Loc...}, cssSelectorsEnabled: true, databaseEnabled: false, goog:chromeOptions: {debuggerAddress: localhost:50727}, handlesAlerts: true, hasTouchScreen: false, javascriptEnabled: true, locationContextEnabled: true, mobileEmulationEnabled: false, nativeEvents: true, networkConnectionEnabled: false, pageLoadStrategy: normal, platform: XP, platformName: XP, proxy: Proxy(), rotatable: false, setWindowRect: true, strictFileInteractability: false, takesHeapSnapshot: true, takesScreenshot: true, timeouts: {implicit: 0, pageLoad: 300000, script: 30000}, unexpectedAlertBehaviour: ignore, unhandledPromptBehavior: ignore, version: 73.0.3683.103, webStorageEnabled: true}
Session ID: 070b8041dc079ff4fba66327adfd27d0
*** Element info: {Using=xpath, value=//h2[text()='Open assignments']/parent::*/parent::*/following-sibling::*/div//a[1]}
at sun.reflect.NativeConstructorAccessorImpl.newInstance0(Native Method)
at sun.reflect.NativeConstructorAccessorImpl.newInstance(Unknown Source)
at sun.reflect.DelegatingConstructorAccessorImpl.newInstance(Unknown Source)
at java.lang.reflect.Constructor.newInstance(Unknown Source)
at org.openqa.selenium.remote.ErrorHandler.createThrowable(ErrorHandler.java:214)
at org.openqa.selenium.remote.ErrorHandler.throwIfResponseFailed(ErrorHandler.java:166)
at org.openqa.selenium.remote.http.JsonHttpResponseCodec.reconstructValue(JsonHttpResponseCodec.java:40)
at org.openqa.selenium.remote.http.AbstractHttpResponseCodec.decode(AbstractHttpResponseCodec.java:80)
at org.openqa.selenium.remote.http.AbstractHttpResponseCodec.decode(AbstractHttpResponseCodec.java:44)
at org.openqa.selenium.remote.HttpCommandExecutor.execute(HttpCommandExecutor.java:158)
at org.openqa.selenium.remote.service.DriverCommandExecutor.execute(DriverCommandExecutor.java:83)
at org.openqa.selenium.remote.RemoteWebDriver.execute(RemoteWebDriver.java:552)
at org.openqa.selenium.remote.RemoteWebDriver.findElement(RemoteWebDriver.java:323)
at org.openqa.selenium.remote.RemoteWebDriver.findElementByXPath(RemoteWebDriver.java:428)
at org.openqa.selenium.By$ByXPath.findElement(By.java:353)
at org.openqa.selenium.remote.RemoteWebDriver.findElement(RemoteWebDriver.java:315)
at org.openqa.selenium.support.pagefactory.DefaultElementLocator.findElement(DefaultElementLocator.java:69)
at org.openqa.selenium.support.pagefactory.internal.LocatingElementHandler.invoke(LocatingElementHandler.java:38)
at com.sun.proxy.$Proxy20.getText(Unknown Source)
at StepsDefinationsHelper.CustomerSatisfactionPage_Helper.VerifyNextstage(CustomerSatisfactionPage_Helper.java:80)
at StepsDefinations.CustomerSatisfaction_Page_Step_defination.thank_you_message_will_get_displayed(CustomerSatisfaction_Page_Step_defination.java:95)
at ✽.Then Thank you message will get displayed(src/FeatureFiles/CustomerSatisfaction.feature:19)
]]>
            </full-stacktrace>
          </exception> <!-- cucumber.runtime.CucumberException -->
          <reporter-output>
          </reporter-output>
        </test-method> <!-- feature -->
        <test-method status="PASS" signature="writeExtentReport()[pri:0, instance:Runners.CustomerSatisfaction@61f8bee4]" name="writeExtentReport" is-config="true" duration-ms="4" started-at="2019-04-25T17:08:29Z" finished-at="2019-04-25T17:08:29Z">
          <reporter-output>
          </reporter-output>
        </test-method> <!-- writeExtentReport -->
        <test-method status="PASS" signature="tearDownClass()[pri:0, instance:Runners.CustomerSatisfaction@61f8bee4]" name="tearDownClass" is-config="true" duration-ms="40" started-at="2019-04-25T17:08:29Z" finished-at="2019-04-25T17:08:29Z">
          <reporter-output>
          </reporter-output>
        </test-method> <!-- tearDownClass -->
      </class> <!-- Runners.CustomerSatisfaction -->
    </test> <!-- Close the Resolved Service Request -->
  </suite> <!-- BDD Test Suite -->
</testng-results>
